0 info it worked if it ends with ok
1 verbose cli [ '/usr/local/Cellar/node/5.9.0/bin/node',
1 verbose cli   '/Users/damian/.node/bin/npm',
1 verbose cli   'run',
1 verbose cli   'build' ]
2 info using npm@3.3.10
3 info using node@v5.9.0
4 verbose stack Error: ENOENT: no such file or directory, open '/Users/damian/GitHub/spree_demo/package.json'
4 verbose stack     at Error (native)
5 verbose cwd /Users/damian/GitHub/spree_demo
6 error Darwin 15.6.0
7 error argv "/usr/local/Cellar/node/5.9.0/bin/node" "/Users/damian/.node/bin/npm" "run" "build"
8 error node v5.9.0
9 error npm  v3.3.10
10 error path /Users/damian/GitHub/spree_demo/package.json
11 error code ENOENT
12 error errno -2
13 error syscall open
14 error enoent ENOENT: no such file or directory, open '/Users/damian/GitHub/spree_demo/package.json'
14 error enoent This is most likely not a problem with npm itself
14 error enoent and is related to npm not being able to find a file.
15 verbose exit [ -2, true ]
